#
# There is insufficient memory for the Java Runtime Environment to continue.
# Native memory allocation (malloc) failed to allocate 844656 bytes for Chunk::new
# Possible reasons:
#   The system is out of physical RAM or swap space
#   The process is running with CompressedOops enabled, and the Java Heap may be blocking the growth of the native heap
# Possible solutions:
#   Reduce memory load on the system
#   Increase physical memory or swap space
#   Check if swap backing store is full
#   Decrease Java heap size (-Xmx/-Xms)
#   Decrease number of Java threads
#   Decrease Java thread stack sizes (-Xss)
#   Set larger code cache with -XX:ReservedCodeCacheSize=
#   JVM is running with Unscaled Compressed Oops mode in which the Java heap is
#     placed in the first 4GB address space. The Java Heap base address is the
#     maximum limit for the native heap growth. Please use -XX:HeapBaseMinAddress
#     to set the Java Heap base and to place the Java Heap above 4GB virtual address.
# This output file may be truncated or incomplete.
#
#  Out of Memory Error (t:/workspace/hotspot/src/share/vm/memory/allocation.cpp:372), pid=9064, tid=9180
#
# JRE version: Java(TM) SE Runtime Environment (9.0+11) (build 9.0.1+11)
# Java VM: Java HotSpot(TM) 64-Bit Server VM (9.0.1+11, mixed mode, tiered, compressed oops, g1 gc, windows-amd64)
# No core dump will be written. Minidumps are not enabled by default on client versions of Windows
#

---------------  S U M M A R Y ------------

Command Line: -Dclassworlds.conf=C:\Program Files\apache-maven-3.6.3\bin\..\bin\m2.conf -Dmaven.home=C:\Program Files\apache-maven-3.6.3\bin\.. -Dlibrary.jansi.path=C:\Program Files\apache-maven-3.6.3\bin\..\lib\jansi-native -Dmaven.multiModuleProjectDirectory=C:\Users\DELL\Downloads\SEPT_A1\develop branch (unit test crud complete)\SEPT org.codehaus.plexus.classworlds.launcher.Launcher jetty:run

Host: Intel(R) Core(TM) i5-4200H CPU @ 2.80GHz, 4 cores, 7G,  Windows 10 , 64 bit Build 19041 (10.0.19041.292)
Time: Wed Aug 12 13:56:34 2020 SE Asia Standard Time elapsed time: 29 seconds (0d 0h 0m 29s)

---------------  T H R E A D  ---------------

Current thread (0x0000020775f62000):  JavaThread "C2 CompilerThread1" daemon [_thread_in_native, id=9180, stack(0x0000003011e00000,0x0000003011f00000)]


Current CompileTask:
C2:  29431 7144       4       org.objectweb.asm.ClassReader::accept (5493 bytes)

Stack: [0x0000003011e00000,0x0000003011f00000]
Native frames: (J=compiled Java code, j=interpreted, Vv=VM code, C=native code)
V  [jvm.dll+0x5870b8]

[error occurred during error reporting (printing native stack), id 0xe0000001]


---------------  P R O C E S S  ---------------

Java Threads: ( => current thread )
  0x000002077626a000 JavaThread "Service Thread" daemon [_thread_blocked, id=6312, stack(0x0000003012200000,0x0000003012300000)]
  0x0000020775ffa000 JavaThread "Common-Cleaner" daemon [_thread_blocked, id=9008, stack(0x0000003012100000,0x0000003012200000)]
  0x0000020775fc4800 JavaThread "Sweeper thread" daemon [_thread_blocked, id=8956, stack(0x0000003012000000,0x0000003012100000)]
  0x0000020775f67000 JavaThread "C1 CompilerThread2" daemon [_thread_blocked, id=3908, stack(0x0000003011f00000,0x0000003012000000)]
=>0x0000020775f62000 JavaThread "C2 CompilerThread1" daemon [_thread_in_native, id=9180, stack(0x0000003011e00000,0x0000003011f00000)]
  0x0000020775f5d000 JavaThread "C2 CompilerThread0" daemon [_thread_in_native, id=14608, stack(0x0000003011d00000,0x0000003011e00000)]
  0x0000020775f58000 JavaThread "Attach Listener" daemon [_thread_blocked, id=6476, stack(0x0000003011c00000,0x0000003011d00000)]
  0x0000020775f56800 JavaThread "Signal Dispatcher" daemon [_thread_blocked, id=2136, stack(0x0000003011b00000,0x0000003011c00000)]
  0x0000020775f11800 JavaThread "Finalizer" daemon [_thread_blocked, id=9996, stack(0x0000003011a00000,0x0000003011b00000)]
  0x0000020775f05000 JavaThread "Reference Handler" daemon [_thread_blocked, id=11760, stack(0x0000003011900000,0x0000003011a00000)]
  0x0000020752b2c800 JavaThread "main" [_thread_in_native, id=14692, stack(0x0000003010c00000,0x0000003010d00000)]

Other Threads:
  0x0000020775ef1800 VMThread "VM Thread" [stack: 0x0000003011800000,0x0000003011900000] [id=13536]
  0x000002077626d000 WatcherThread [stack: 0x0000003012300000,0x0000003012400000] [id=11692]
  0x0000020752b45800 GCTaskThread "GC Thread#0" [stack: 0x0000003010d00000,0x0000003010e00000] [id=6360]
  0x0000020752b47000 GCTaskThread "GC Thread#1" [stack: 0x0000003010e00000,0x0000003010f00000] [id=872]
  0x0000020752b49800 GCTaskThread "GC Thread#2" [stack: 0x0000003010f00000,0x0000003011000000] [id=14616]
  0x0000020752b4f000 GCTaskThread "GC Thread#3" [stack: 0x0000003011000000,0x0000003011100000] [id=13328]
  0x0000020752bd1000 ConcurrentGCThread "G1 Main Marker" [stack: 0x0000003011600000,0x0000003011700000] [id=1060]
  0x0000020752b4d000 ConcurrentGCThread "G1 Marker#0" [stack: 0x0000003011700000,0x0000003011800000] [id=8212]
  0x0000020752b64800 ConcurrentGCThread "G1 Refine#0" [stack: 0x0000003011400000,0x0000003011500000] [id=1912]
  0x0000020752b5f000 ConcurrentGCThread "G1 Refine#1" [stack: 0x0000003011300000,0x0000003011400000] [id=12748]
  0x0000020752b5a000 ConcurrentGCThread "G1 Refine#2" [stack: 0x0000003011200000,0x0000003011300000] [id=14664]
  0x0000020752b57000 ConcurrentGCThread "G1 Refine#3" [stack: 0x0000003011100000,0x0000003011200000] [id=7876]
  0x0000020752b69800 ConcurrentGCThread "G1 Young RemSet Sampling" [stack: 0x0000003011500000,0x0000003011600000] [id=8756]

Threads with active compile tasks:
C2 CompilerThread17144       4       org.objectweb.asm.ClassReader::accept (5493 bytes)
C2 CompilerThread07150       4       org.eclipse.jetty.webapp.ClasspathPattern::match (195 bytes)

VM state:not at safepoint (normal execution)

VM Mutex/Monitor currently owned by a thread: None

OutOfMemory and StackOverflow Exception counts:
OutOfMemoryError java_heap_errors=1

Heap address: 0x0000000081600000, size: 2026 MB, Compressed Oops mode: 32-bit
Narrow klass base: 0x0000000000000000, Narrow klass shift: 3
Compressed class space size: 1073741824 Address: 0x0000000100000000

Heap:
 garbage-first heap   total 131072K, used 86716K [0x0000000081600000, 0x0000000081700400, 0x0000000100000000)
  region size 1024K, 56 young (57344K), 9 survivors (9216K)
 Metaspace       used 36777K, capacity 38234K, committed 38556K, reserved 1083392K
  class space    used 3854K, capacity 4154K, committed 4252K, reserved 1048576K
Heap Regions: E=young(eden), S=young(survivor), O=old, HS=humongous(starts), HC=humongous(continues), CS=collection set, F=free, A=archive, TS=gc time stamp, AC=allocation context, TAMS=top-at-mark-start (previous, next)
|   0|0x0000000081600000, 0x0000000081700000, 0x0000000081700000|100%| O|  |TS  0|AC  0|TAMS 0x0000000081700000, 0x0000000081700000|
|   1|0x0000000081700000, 0x0000000081800000, 0x0000000081800000|100%| O|  |TS  0|AC  0|TAMS 0x0000000081800000, 0x0000000081800000|
|   2|0x0000000081800000, 0x0000000081900000, 0x0000000081900000|100%| O|  |TS  0|AC  0|TAMS 0x0000000081900000, 0x0000000081900000|
|   3|0x0000000081900000, 0x0000000081a00000, 0x0000000081a00000|100%| O|  |TS  0|AC  0|TAMS 0x0000000081a00000, 0x0000000081a00000|
|   4|0x0000000081a00000, 0x0000000081b00000, 0x0000000081b00000|100%| O|  |TS  0|AC  0|TAMS 0x0000000081b00000, 0x0000000081b00000|
|   5|0x0000000081b00000, 0x0000000081c00000, 0x0000000081c00000|100%| O|  |TS  0|AC  0|TAMS 0x0000000081c00000, 0x0000000081c00000|
|   6|0x0000000081c00000, 0x0000000081d00000, 0x0000000081d00000|100%| O|  |TS  0|AC  0|TAMS 0x0000000081d00000, 0x0000000081d00000|
|   7|0x0000000081d00000, 0x0000000081e00000, 0x0000000081e00000|100%| O|  |TS  0|AC  0|TAMS 0x0000000081e00000, 0x0000000081e00000|
|   8|0x0000000081e00000, 0x0000000081f00000, 0x0000000081f00000|100%| O|  |TS  0|AC  0|TAMS 0x0000000081f00000, 0x0000000081f00000|
|   9|0x0000000081f00000, 0x0000000082000000, 0x0000000082000000|100%| O|  |TS  0|AC  0|TAMS 0x0000000082000000, 0x0000000082000000|
|  10|0x0000000082000000, 0x0000000082100000, 0x0000000082100000|100%| O|  |TS  0|AC  0|TAMS 0x0000000082100000, 0x0000000082100000|
|  11|0x0000000082100000, 0x0000000082200000, 0x0000000082200000|100%| O|  |TS  0|AC  0|TAMS 0x0000000082200000, 0x0000000082200000|
|  12|0x0000000082200000, 0x0000000082300000, 0x0000000082300000|100%| O|  |TS  0|AC  0|TAMS 0x0000000082300000, 0x0000000082300000|
|  13|0x0000000082300000, 0x0000000082400000, 0x0000000082400000|100%| O|  |TS  0|AC  0|TAMS 0x0000000082400000, 0x0000000082400000|
|  14|0x0000000082400000, 0x0000000082500000, 0x0000000082500000|100%| O|  |TS  0|AC  0|TAMS 0x0000000082500000, 0x0000000082500000|
|  15|0x0000000082500000, 0x0000000082600000, 0x0000000082600000|100%| O|  |TS  0|AC  0|TAMS 0x0000000082600000, 0x0000000082600000|
|  16|0x0000000082600000, 0x0000000082700000, 0x0000000082700000|100%| O|  |TS  0|AC  0|TAMS 0x0000000082700000, 0x0000000082700000|
|  17|0x0000000082700000, 0x0000000082800000, 0x0000000082800000|100%| O|  |TS  0|AC  0|TAMS 0x0000000082800000, 0x0000000082800000|
|  18|0x0000000082800000, 0x0000000082900000, 0x0000000082900000|100%| O|  |TS  0|AC  0|TAMS 0x0000000082900000, 0x0000000082900000|
|  19|0x0000000082900000, 0x0000000082a00000, 0x0000000082a00000|100%| O|  |TS  0|AC  0|TAMS 0x0000000082a00000, 0x0000000082a00000|
|  20|0x0000000082a00000, 0x0000000082b00000, 0x0000000082b00000|100%| O|  |TS  0|AC  0|TAMS 0x0000000082b00000, 0x0000000082b00000|
|  21|0x0000000082b00000, 0x0000000082c00000, 0x0000000082c00000|100%| O|  |TS  0|AC  0|TAMS 0x0000000082c00000, 0x0000000082c00000|
|  22|0x0000000082c00000, 0x0000000082d00000, 0x0000000082d00000|100%| O|  |TS  0|AC  0|TAMS 0x0000000082d00000, 0x0000000082d00000|
|  23|0x0000000082d00000, 0x0000000082e00000, 0x0000000082e00000|100%| O|  |TS  0|AC  0|TAMS 0x0000000082e00000, 0x0000000082e00000|
|  24|0x0000000082e00000, 0x0000000082f00000, 0x0000000082f00000|100%| O|  |TS  0|AC  0|TAMS 0x0000000082f00000, 0x0000000082f00000|
|  25|0x0000000082f00000, 0x0000000083000000, 0x0000000083000000|100%| O|  |TS  0|AC  0|TAMS 0x0000000083000000, 0x0000000083000000|
|  26|0x0000000083000000, 0x0000000083100000, 0x0000000083100000|100%| O|  |TS  1|AC  0|TAMS 0x00000000830a3a00, 0x00000000830a3a00|
|  27|0x0000000083100000, 0x0000000083200000, 0x0000000083200000|100%| O|  |TS  1|AC  0|TAMS 0x0000000083100000, 0x0000000083100000|
|  28|0x0000000083200000, 0x0000000083300000, 0x0000000083300000|100%| O|  |TS  1|AC  0|TAMS 0x0000000083200000, 0x0000000083200000|
|  29|0x0000000083300000, 0x00000000833af000, 0x0000000083400000| 68%| O|  |TS  1|AC  0|TAMS 0x0000000083300000, 0x0000000083300000|
|  30|0x0000000083400000, 0x0000000083400000, 0x0000000083500000|  0%| F|  |TS  0|AC  0|TAMS 0x0000000083400000, 0x0000000083400000|
|  31|0x0000000083500000, 0x0000000083500000, 0x0000000083600000|  0%| F|  |TS  0|AC  0|TAMS 0x0000000083500000, 0x0000000083500000|
|  32|0x0000000083600000, 0x0000000083600000, 0x0000000083700000|  0%| F|  |TS  0|AC  0|TAMS 0x0000000083600000, 0x0000000083600000|
|  33|0x0000000083700000, 0x0000000083700000, 0x0000000083800000|  0%| F|  |TS  0|AC  0|TAMS 0x0000000083700000, 0x0000000083700000|
|  34|0x0000000083800000, 0x0000000083800000, 0x0000000083900000|  0%| F|  |TS  0|AC  0|TAMS 0x0000000083800000, 0x0000000083800000|
|  35|0x0000000083900000, 0x0000000083900000, 0x0000000083a00000|  0%| F|  |TS  0|AC  0|TAMS 0x0000000083900000, 0x0000000083900000|
|  36|0x0000000083a00000, 0x0000000083a00000, 0x0000000083b00000|  0%| F|  |TS  0|AC  0|TAMS 0x0000000083a00000, 0x0000000083a00000|
|  37|0x0000000083b00000, 0x0000000083b00000, 0x0000000083c00000|  0%| F|  |TS  0|AC  0|TAMS 0x0000000083b00000, 0x0000000083b00000|
|  38|0x0000000083c00000, 0x0000000083c00000, 0x0000000083d00000|  0%| F|  |TS  0|AC  0|TAMS 0x0000000083c00000, 0x0000000083c00000|
|  39|0x0000000083d00000, 0x0000000083d00000, 0x0000000083e00000|  0%| F|  |TS  0|AC  0|TAMS 0x0000000083d00000, 0x0000000083d00000|
|  40|0x0000000083e00000, 0x0000000083e00000, 0x0000000083f00000|  0%| F|  |TS  0|AC  0|TAMS 0x0000000083e00000, 0x0000000083e00000|
|  41|0x0000000083f00000, 0x0000000083f00000, 0x0000000084000000|  0%| F|  |TS  0|AC  0|TAMS 0x0000000083f00000, 0x0000000083f00000|
|  42|0x0000000084000000, 0x0000000084000000, 0x0000000084100000|  0%| F|  |TS  0|AC  0|TAMS 0x0000000084000000, 0x0000000084000000|
|  43|0x0000000084100000, 0x0000000084100000, 0x0000000084200000|  0%| F|  |TS  0|AC  0|TAMS 0x0000000084100000, 0x0000000084100000|
|  44|0x0000000084200000, 0x0000000084200000, 0x0000000084300000|  0%| F|  |TS  0|AC  0|TAMS 0x0000000084200000, 0x0000000084200000|
|  45|0x0000000084300000, 0x0000000084300000, 0x0000000084400000|  0%| F|  |TS  0|AC  0|TAMS 0x0000000084300000, 0x0000000084300000|
|  46|0x0000000084400000, 0x0000000084400000, 0x0000000084500000|  0%| F|  |TS  0|AC  0|TAMS 0x0000000084400000, 0x0000000084400000|
|  47|0x0000000084500000, 0x0000000084500000, 0x0000000084600000|  0%| F|  |TS  0|AC  0|TAMS 0x0000000084500000, 0x0000000084500000|
|  48|0x0000000084600000, 0x0000000084600000, 0x0000000084700000|  0%| F|  |TS  0|AC  0|TAMS 0x0000000084600000, 0x0000000084600000|
|  49|0x0000000084700000, 0x0000000084700000, 0x0000000084800000|  0%| F|  |TS  0|AC  0|TAMS 0x0000000084700000, 0x0000000084700000|
|  50|0x0000000084800000, 0x0000000084800000, 0x0000000084900000|  0%| F|  |TS  0|AC  0|TAMS 0x0000000084800000, 0x0000000084800000|
|  51|0x0000000084900000, 0x0000000084900000, 0x0000000084a00000|  0%| F|  |TS  0|AC  0|TAMS 0x0000000084900000, 0x0000000084900000|
|  52|0x0000000084a00000, 0x0000000084b00000, 0x0000000084b00000|100%| S|CS|TS  1|AC  0|TAMS 0x0000000084a00000, 0x0000000084a00000|
|  53|0x0000000084b00000, 0x0000000084c00000, 0x0000000084c00000|100%| S|CS|TS  1|AC  0|TAMS 0x0000000084b00000, 0x0000000084b00000|
|  54|0x0000000084c00000, 0x0000000084d00000, 0x0000000084d00000|100%| S|CS|TS  1|AC  0|TAMS 0x0000000084c00000, 0x0000000084c00000|
|  55|0x0000000084d00000, 0x0000000084e00000, 0x0000000084e00000|100%| S|CS|TS  1|AC  0|TAMS 0x0000000084d00000, 0x0000000084d00000|
|  56|0x0000000084e00000, 0x0000000084f00000, 0x0000000084f00000|100%| S|CS|TS  1|AC  0|TAMS 0x0000000084e00000, 0x0000000084e00000|
|  57|0x0000000084f00000, 0x0000000085000000, 0x0000000085000000|100%| S|CS|TS  1|AC  0|TAMS 0x0000000084f00000, 0x0000000084f00000|
|  58|0x0000000085000000, 0x0000000085100000, 0x0000000085100000|100%| S|CS|TS  1|AC  0|TAMS 0x0000000085000000, 0x0000000085000000|
|  59|0x0000000085100000, 0x0000000085200000, 0x0000000085200000|100%| S|CS|TS  1|AC  0|TAMS 0x0000000085100000, 0x0000000085100000|
|  60|0x0000000085200000, 0x0000000085300000, 0x0000000085300000|100%| S|CS|TS  1|AC  0|TAMS 0x0000000085200000, 0x0000000085200000|
|  61|0x0000000085300000, 0x0000000085300000, 0x0000000085400000|  0%| F|  |TS  1|AC  0|TAMS 0x0000000085300000, 0x0000000085300000|
|  62|0x0000000085400000, 0x0000000085400000, 0x0000000085500000|  0%| F|  |TS  1|AC  0|TAMS 0x0000000085400000, 0x0000000085400000|
|  63|0x0000000085500000, 0x0000000085500000, 0x0000000085600000|  0%| F|  |TS  1|AC  0|TAMS 0x0000000085500000, 0x0000000085500000|
|  64|0x0000000085600000, 0x0000000085600000, 0x0000000085700000|  0%| F|  |TS  1|AC  0|TAMS 0x0000000085600000, 0x0000000085600000|
|  65|0x0000000085700000, 0x0000000085700000, 0x0000000085800000|  0%| F|  |TS  1|AC  0|TAMS 0x0000000085700000, 0x0000000085700000|
|  66|0x0000000085800000, 0x0000000085800000, 0x0000000085900000|  0%| F|  |TS  1|AC  0|TAMS 0x0000000085800000, 0x0000000085800000|
|  67|0x0000000085900000, 0x0000000085900000, 0x0000000085a00000|  0%| F|  |TS  1|AC  0|TAMS 0x0000000085900000, 0x0000000085900000|
|  68|0x0000000085a00000, 0x0000000085a00000, 0x0000000085b00000|  0%| F|  |TS  1|AC  0|TAMS 0x0000000085a00000, 0x0000000085a00000|
|  69|0x0000000085b00000, 0x0000000085b00000, 0x0000000085c00000|  0%| F|  |TS  1|AC  0|TAMS 0x0000000085b00000, 0x0000000085b00000|
|  70|0x0000000085c00000, 0x0000000085c00000, 0x0000000085d00000|  0%| F|  |TS  1|AC  0|TAMS 0x0000000085c00000, 0x0000000085c00000|
|  71|0x0000000085d00000, 0x0000000085d00000, 0x0000000085e00000|  0%| F|  |TS  1|AC  0|TAMS 0x0000000085d00000, 0x0000000085d00000|
|  72|0x0000000085e00000, 0x0000000085e00000, 0x0000000085f00000|  0%| F|  |TS  1|AC  0|TAMS 0x0000000085e00000, 0x0000000085e00000|
|  73|0x0000000085f00000, 0x0000000085f00000, 0x0000000086000000|  0%| F|  |TS  1|AC  0|TAMS 0x0000000085f00000, 0x0000000085f00000|
|  74|0x0000000086000000, 0x0000000086000000, 0x0000000086100000|  0%| F|  |TS  1|AC  0|TAMS 0x0000000086000000, 0x0000000086000000|
|  75|0x0000000086100000, 0x0000000086100000, 0x0000000086200000|  0%| F|  |TS  1|AC  0|TAMS 0x0000000086100000, 0x0000000086100000|
|  76|0x0000000086200000, 0x0000000086200000, 0x0000000086300000|  0%| F|  |TS  1|AC  0|TAMS 0x0000000086200000, 0x0000000086200000|
|  77|0x0000000086300000, 0x0000000086300000, 0x0000000086400000|  0%| F|  |TS  1|AC  0|TAMS 0x0000000086300000, 0x0000000086300000|
|  78|0x0000000086400000, 0x0000000086400000, 0x0000000086500000|  0%| F|  |TS  1|AC  0|TAMS 0x0000000086400000, 0x0000000086400000|
|  79|0x0000000086500000, 0x0000000086500000, 0x0000000086600000|  0%| F|  |TS  1|AC  0|TAMS 0x0000000086500000, 0x0000000086500000|
|  80|0x0000000086600000, 0x0000000086600000, 0x0000000086700000|  0%| F|  |TS  1|AC  0|TAMS 0x0000000086600000, 0x0000000086600000|
|  81|0x0000000086700000, 0x0000000086800000, 0x0000000086800000|100%| E|  |TS  1|AC  0|TAMS 0x0000000086700000, 0x0000000086700000|
|  82|0x0000000086800000, 0x0000000086900000, 0x0000000086900000|100%| E|CS|TS  1|AC  0|TAMS 0x0000000086800000, 0x0000000086800000|
|  83|0x0000000086900000, 0x0000000086a00000, 0x0000000086a00000|100%| E|CS|TS  1|AC  0|TAMS 0x0000000086900000, 0x0000000086900000|
|  84|0x0000000086a00000, 0x0000000086b00000, 0x0000000086b00000|100%| E|CS|TS  1|AC  0|TAMS 0x0000000086a00000, 0x0000000086a00000|
|  85|0x0000000086b00000, 0x0000000086c00000, 0x0000000086c00000|100%| E|CS|TS  1|AC  0|TAMS 0x0000000086b00000, 0x0000000086b00000|
|  86|0x0000000086c00000, 0x0000000086d00000, 0x0000000086d00000|100%| E|CS|TS  1|AC  0|TAMS 0x0000000086c00000, 0x0000000086c00000|
|  87|0x0000000086d00000, 0x0000000086e00000, 0x0000000086e00000|100%| E|CS|TS  1|AC  0|TAMS 0x0000000086d00000, 0x0000000086d00000|
|  88|0x0000000086e00000, 0x0000000086f00000, 0x0000000086f00000|100%| E|CS|TS  1|AC  0|TAMS 0x0000000086e00000, 0x0000000086e00000|
|  89|0x0000000086f00000, 0x0000000087000000, 0x0000000087000000|100%| E|CS|TS  1|AC  0|TAMS 0x0000000086f00000, 0x0000000086f00000|
|  90|0x0000000087000000, 0x0000000087100000, 0x0000000087100000|100%| E|CS|TS  1|AC  0|TAMS 0x0000000087000000, 0x0000000087000000|
|  91|0x0000000087100000, 0x0000000087200000, 0x0000000087200000|100%| E|CS|TS  1|AC  0|TAMS 0x0000000087100000, 0x0000000087100000|
|  92|0x0000000087200000, 0x0000000087300000, 0x0000000087300000|100%| E|CS|TS  1|AC  0|TAMS 0x0000000087200000, 0x0000000087200000|
|  93|0x0000000087300000, 0x0000000087400000, 0x0000000087400000|100%| E|CS|TS  1|AC  0|TAMS 0x0000000087300000, 0x0000000087300000|
|  94|0x0000000087400000, 0x0000000087500000, 0x0000000087500000|100%| E|CS|TS  1|AC  0|TAMS 0x0000000087400000, 0x0000000087400000|
|  95|0x0000000087500000, 0x0000000087600000, 0x0000000087600000|100%| E|CS|TS  1|AC  0|TAMS 0x0000000087500000, 0x0000000087500000|
|  96|0x0000000087600000, 0x0000000087700000, 0x0000000087700000|100%| E|CS|TS  1|AC  0|TAMS 0x0000000087600000, 0x0000000087600000|
|  97|0x0000000087700000, 0x0000000087800000, 0x0000000087800000|100%| E|CS|TS  1|AC  0|TAMS 0x0000000087700000, 0x0000000087700000|
|  98|0x0000000087800000, 0x0000000087900000, 0x0000000087900000|100%| E|CS|TS  1|AC  0|TAMS 0x0000000087800000, 0x0000000087800000|
|  99|0x0000000087900000, 0x0000000087a00000, 0x0000000087a00000|100%| E|CS|TS  1|AC  0|TAMS 0x0000000087900000, 0x0000000087900000|
| 100|0x0000000087a00000, 0x0000000087b00000, 0x0000000087b00000|100%| E|CS|TS  1|AC  0|TAMS 0x0000000087a00000, 0x0000000087a00000|
| 101|0x0000000087b00000, 0x0000000087c00000, 0x0000000087c00000|100%| E|CS|TS  1|AC  0|TAMS 0x0000000087b00000, 0x0000000087b00000|
| 102|0x0000000087c00000, 0x0000000087d00000, 0x0000000087d00000|100%| E|CS|TS  1|AC  0|TAMS 0x0000000087c00000, 0x0000000087c00000|
| 103|0x0000000087d00000, 0x0000000087e00000, 0x0000000087e00000|100%| E|CS|TS  1|AC  0|TAMS 0x0000000087d00000, 0x0000000087d00000|
| 104|0x0000000087e00000, 0x0000000087f00000, 0x0000000087f00000|100%| E|CS|TS  1|AC  0|TAMS 0x0000000087e00000, 0x0000000087e00000|
| 105|0x0000000087f00000, 0x0000000088000000, 0x0000000088000000|100%| E|CS|TS  1|AC  0|TAMS 0x0000000087f00000, 0x0000000087f00000|
| 106|0x0000000088000000, 0x0000000088100000, 0x0000000088100000|100%| E|CS|TS  1|AC  0|TAMS 0x0000000088000000, 0x0000000088000000|
| 107|0x0000000088100000, 0x0000000088200000, 0x0000000088200000|100%| E|CS|TS  1|AC  0|TAMS 0x0000000088100000, 0x0000000088100000|
| 108|0x0000000088200000, 0x0000000088300000, 0x0000000088300000|100%| E|CS|TS  1|AC  0|TAMS 0x0000000088200000, 0x0000000088200000|
| 109|0x0000000088300000, 0x0000000088400000, 0x0000000088400000|100%| E|CS|TS  1|AC  0|TAMS 0x0000000088300000, 0x0000000088300000|
| 110|0x0000000088400000, 0x0000000088500000, 0x0000000088500000|100%| E|CS|TS  1|AC  0|TAMS 0x0000000088400000, 0x0000000088400000|
| 111|0x0000000088500000, 0x0000000088600000, 0x0000000088600000|100%| E|CS|TS  1|AC  0|TAMS 0x0000000088500000, 0x0000000088500000|
| 112|0x0000000088600000, 0x0000000088700000, 0x0000000088700000|100%| E|CS|TS  1|AC  0|TAMS 0x0000000088600000, 0x0000000088600000|
| 113|0x0000000088700000, 0x0000000088800000, 0x0000000088800000|100%| E|CS|TS  1|AC  0|TAMS 0x0000000088700000, 0x0000000088700000|
| 114|0x0000000088800000, 0x0000000088900000, 0x0000000088900000|100%| E|CS|TS  1|AC  0|TAMS 0x0000000088800000, 0x0000000088800000|
| 115|0x0000000088900000, 0x0000000088a00000, 0x0000000088a00000|100%| E|CS|TS  1|AC  0|TAMS 0x0000000088900000, 0x0000000088900000|
| 116|0x0000000088a00000, 0x0000000088b00000, 0x0000000088b00000|100%| E|CS|TS  1|AC  0|TAMS 0x0000000088a00000, 0x0000000088a00000|
| 117|0x0000000088b00000, 0x0000000088c00000, 0x0000000088c00000|100%| E|CS|TS  1|AC  0|TAMS 0x0000000088b00000, 0x0000000088b00000|
| 118|0x0000000088c00000, 0x0000000088d00000, 0x0000000088d00000|100%| E|CS|TS  1|AC  0|TAMS 0x0000000088c00000, 0x0000000088c00000|
| 119|0x0000000088d00000, 0x0000000088e00000, 0x0000000088e00000|100%| E|CS|TS  1|AC  0|TAMS 0x0000000088d00000, 0x0000000088d00000|
| 120|0x0000000088e00000, 0x0000000088f00000, 0x0000000088f00000|100%| E|CS|TS  1|AC  0|TAMS 0x0000000088e00000, 0x0000000088e00000|
| 121|0x0000000088f00000, 0x0000000089000000, 0x0000000089000000|100%| E|CS|TS  1|AC  0|TAMS 0x0000000088f00000, 0x0000000088f00000|
| 122|0x0000000089000000, 0x0000000089100000, 0x0000000089100000|100%| E|CS|TS  1|AC  0|TAMS 0x0000000089000000, 0x0000000089000000|
| 123|0x0000000089100000, 0x0000000089200000, 0x0000000089200000|100%| E|CS|TS  1|AC  0|TAMS 0x0000000089100000, 0x0000000089100000|
| 124|0x0000000089200000, 0x0000000089300000, 0x0000000089300000|100%| E|CS|TS  1|AC  0|TAMS 0x0000000089200000, 0x0000000089200000|
| 125|0x0000000089300000, 0x0000000089400000, 0x0000000089400000|100%| E|CS|TS  1|AC  0|TAMS 0x0000000089300000, 0x0000000089300000|
| 126|0x0000000089400000, 0x0000000089500000, 0x0000000089500000|100%| E|CS|TS  1|AC  0|TAMS 0x0000000089400000, 0x0000000089400000|
| 127|0x0000000089500000, 0x0000000089600000, 0x0000000089600000|100%| E|CS|TS  1|AC  0|TAMS 0x0000000089500000, 0x0000000089500000|

Card table byte_map: [0x000002076e8e0000,0x000002076ece0000] byte_map_base: 0x000002076e4d5000

Marking Bits (Prev, Next): (CMBitMap*) 0x0000020752bd0550, (CMBitMap*) 0x0000020752bd0588
 Prev Bits: [0x000002076f0e0000, 0x0000020771088000)
 Next Bits: [0x0000020771090000, 0x0000020773038000)

Polling page: 0x0000020752ab0000

CodeHeap 'non-profiled nmethods': size=120064Kb used=4092Kb max_used=4143Kb free=115971Kb
 bounds [0x0000020766570000, 0x0000020766990000, 0x000002076dab0000]
CodeHeap 'profiled nmethods': size=120000Kb used=17387Kb max_used=18144Kb free=102612Kb
 bounds [0x000002075f040000, 0x0000020760230000, 0x0000020766570000]
CodeHeap 'non-nmethods': size=5696Kb used=1306Kb max_used=1344Kb free=4389Kb
 bounds [0x000002075eab0000, 0x000002075ed20000, 0x000002075f040000]
 total_blobs=9522 nmethods=6729 adapters=414
 compilation: enabled

Compilation events (10 events):
Event: 29.249 Thread 0x0000020775f5d000 nmethod 7139 0x00000207666cfc90 code [0x00000207666cff00, 0x00000207666d1580]
Event: 29.249 Thread 0x0000020775f5d000 7146       4       org.eclipse.jetty.annotations.AnnotationParser$MyClassVisitor::visitMethod (16 bytes)
Event: 29.251 Thread 0x0000020775f5d000 nmethod 7146 0x00000207665e9a10 code [0x00000207665e9ba0, 0x00000207665e9cb8]
Event: 29.251 Thread 0x0000020775f5d000 7147       4       org.eclipse.jetty.annotations.AnnotationParser$MyClassVisitor$2::<init> (38 bytes)
Event: 29.258 Thread 0x0000020775f5d000 nmethod 7147 0x00000207665f1f10 code [0x00000207665f20a0, 0x00000207665f2598]
Event: 29.265 Thread 0x0000020775f5d000 7148       4       java.io.File::<init> (47 bytes)
Event: 29.282 Thread 0x0000020775f5d000 nmethod 7148 0x0000020766676c90 code [0x0000020766676ea0, 0x00000207666776d0]
Event: 29.306 Thread 0x0000020775f5d000 7149       4       sun.nio.fs.WindowsFileAttributes::lastModifiedTime (8 bytes)
Event: 29.307 Thread 0x0000020775f5d000 nmethod 7149 0x0000020766603410 code [0x00000207666035c0, 0x00000207666036e8]
Event: 29.311 Thread 0x0000020775f5d000 7150       4       org.eclipse.jetty.webapp.ClasspathPattern::match (195 bytes)

GC Heap History (10 events):
Event: 11.438 GC heap before
{Heap before GC invocations=4 (full 0):
 garbage-first heap   total 131072K, used 30893K [0x0000000081600000, 0x0000000081700400, 0x0000000100000000)
  region size 1024K, 26 young (26624K), 10 survivors (10240K)
 Metaspace       used 20673K, capacity 21158K, committed 21296K, reserved 1069056K
  class space    used 2179K, capacity 2344K, committed 2352K, reserved 1048576K
}
Event: 11.451 GC heap after
{Heap after GC invocations=5 (full 0):
 garbage-first heap   total 131072K, used 13101K [0x0000000081600000, 0x0000000081700400, 0x0000000100000000)
  region size 1024K, 2 young (2048K), 2 survivors (2048K)
 Metaspace       used 20673K, capacity 21158K, committed 21296K, reserved 1069056K
  class space    used 2179K, capacity 2344K, committed 2352K, reserved 1048576K
}
Event: 18.784 GC heap before
{Heap before GC invocations=6 (full 0):
 garbage-first heap   total 131072K, used 85805K [0x0000000081600000, 0x0000000081700400, 0x0000000100000000)
  region size 1024K, 73 young (74752K), 2 survivors (2048K)
 Metaspace       used 29091K, capacity 29888K, committed 30000K, reserved 1075200K
  class space    used 3120K, capacity 3326K, committed 3376K, reserved 1048576K
}
Event: 18.797 GC heap after
{Heap after GC invocations=7 (full 0):
 garbage-first heap   total 131072K, used 21518K [0x0000000081600000, 0x0000000081700400, 0x0000000100000000)
  region size 1024K, 10 young (10240K), 10 survivors (10240K)
 Metaspace       used 29091K, capacity 29888K, committed 30000K, reserved 1075200K
  class space    used 3120K, capacity 3326K, committed 3376K, reserved 1048576K
}
Event: 21.639 GC heap before
{Heap before GC invocations=7 (full 0):
 garbage-first heap   total 131072K, used 89102K [0x0000000081600000, 0x0000000081700400, 0x0000000100000000)
  region size 1024K, 76 young (77824K), 10 survivors (10240K)
 Metaspace       used 31317K, capacity 32348K, committed 32560K, reserved 1079296K
  class space    used 3285K, capacity 3518K, committed 3632K, reserved 1048576K
}
Event: 21.660 GC heap after
{Heap after GC invocations=8 (full 0):
 garbage-first heap   total 131072K, used 27333K [0x0000000081600000, 0x0000000081700400, 0x0000000100000000)
  region size 1024K, 10 young (10240K), 10 survivors (10240K)
 Metaspace       used 31317K, capacity 32348K, committed 32560K, reserved 1079296K
  class space    used 3285K, capacity 3518K, committed 3632K, reserved 1048576K
}
Event: 25.740 GC heap before
{Heap before GC invocations=8 (full 0):
 garbage-first heap   total 131072K, used 65221K [0x0000000081600000, 0x0000000081700400, 0x0000000100000000)
  region size 1024K, 48 young (49152K), 10 survivors (10240K)
 Metaspace       used 34763K, capacity 35884K, committed 35920K, reserved 1081344K
  class space    used 3650K, capacity 3890K, committed 3920K, reserved 1048576K
}
Event: 25.758 GC heap after
{Heap after GC invocations=9 (full 0):
 garbage-first heap   total 131072K, used 33166K [0x0000000081600000, 0x0000000081700400, 0x0000000100000000)
  region size 1024K, 6 young (6144K), 6 survivors (6144K)
 Metaspace       used 34763K, capacity 35884K, committed 35920K, reserved 1081344K
  class space    used 3650K, capacity 3890K, committed 3920K, reserved 1048576K
}
Event: 28.494 GC heap before
{Heap before GC invocations=10 (full 0):
 garbage-first heap   total 131072K, used 95630K [0x0000000081600000, 0x0000000081700400, 0x0000000100000000)
  region size 1024K, 67 young (68608K), 6 survivors (6144K)
 Metaspace       used 36569K, capacity 37978K, committed 38300K, reserved 1083392K
  class space    used 3849K, capacity 4154K, committed 4252K, reserved 1048576K
}
Event: 28.520 GC heap after
{Heap after GC invocations=11 (full 0):
 garbage-first heap   total 131072K, used 39612K [0x0000000081600000, 0x0000000081700400, 0x0000000100000000)
  region size 1024K, 9 young (9216K), 9 survivors (9216K)
 Metaspace       used 36569K, capacity 37978K, committed 38300K, reserved 1083392K
  class space    used 3849K, capacity 4154K, committed 4252K, reserved 1048576K
}

Deoptimization events (10 events):
Event: 27.020 Thread 0x0000020752b2c800 Uncommon trap: reason=unstable_if action=reinterpret pc=0x0000020766919328 method=java.util.zip.ZipInputStream.readLOC()Ljava/util/zip/ZipEntry; @ 192 c2
Event: 27.080 Thread 0x0000020752b2c800 Uncommon trap: reason=unstable_if action=reinterpret pc=0x0000020766911c80 method=sun.security.util.ManifestEntryVerifier.update([BII)V @ 4 c2
Event: 27.765 Thread 0x0000020752b2c800 Uncommon trap: reason=unstable_if action=reinterpret pc=0x0000020766749200 method=java.util.Properties$LineReader.readLine()I @ 363 c2
Event: 27.801 Thread 0x0000020752b2c800 Uncommon trap: reason=class_check action=maybe_recompile pc=0x0000020766850c7c method=java.lang.invoke.LambdaForm$MH/1219797059.linkToTargetMethod(Ljava/lang/Object;Ljava/lang/Object;Ljava/lang/Object;Ljava/lang/Object;Ljava/lang/Object;)Ljava/lang/Object
Event: 27.926 Thread 0x0000020752b2c800 Uncommon trap: reason=unstable_if action=reinterpret pc=0x00000207665f62b4 method=java.lang.ClassLoader.checkName(Ljava/lang/String;)Z @ 20 c2
Event: 27.927 Thread 0x0000020752b2c800 Uncommon trap: reason=unstable_if action=reinterpret pc=0x00000207667993f4 method=java.lang.ClassLoader.checkName(Ljava/lang/String;)Z @ 20 c2
Event: 27.941 Thread 0x0000020752b2c800 Uncommon trap: reason=unstable_if action=reinterpret pc=0x000002076671cf08 method=java.util.Properties$LineReader.readLine()I @ 105 c2
Event: 27.941 Thread 0x0000020752b2c800 Uncommon trap: reason=unstable_if action=reinterpret pc=0x00000207665c5bb8 method=java.nio.Buffer.position(I)Ljava/nio/Buffer; @ 45 c2
Event: 28.023 Thread 0x0000020752b2c800 Uncommon trap: reason=class_check action=maybe_recompile pc=0x00000207665a962c method=jdk.internal.loader.URLClassPath.getLoader(I)Ljdk/internal/loader/URLClassPath$Loader; @ 94 c2
Event: 28.163 Thread 0x0000020752b2c800 Uncommon trap: reason=unstable_if action=reinterpret pc=0x000002076692b70c method=java.util.jar.JarVerifier.update(I[BIILsun/security/util/ManifestEntryVerifier;)V @ 9 c2

Classes redefined (0 events):
No events

Internal exceptions (10 events):
Event: 28.000 Thread 0x0000020752b2c800 Exception <a 'java/lang/ClassNotFoundException'{0x0000000087936650}: sun/net/www/protocol/c/Handler> (0x0000000087936650) thrown at [t:/workspace/hotspot/src/share/vm/classfile/systemDictionary.cpp, line 218]
Event: 28.002 Thread 0x0000020752b2c800 Exception <a 'java/lang/ClassNotFoundException'{0x0000000087938418}: sun/net/www/protocol/c/Handler> (0x0000000087938418) thrown at [t:/workspace/hotspot/src/share/vm/classfile/systemDictionary.cpp, line 218]
Event: 28.003 Thread 0x0000020752b2c800 Exception <a 'java/lang/ClassNotFoundException'{0x000000008793a2e0}: sun/net/www/protocol/c/Handler> (0x000000008793a2e0) thrown at [t:/workspace/hotspot/src/share/vm/classfile/systemDictionary.cpp, line 218]
Event: 28.005 Thread 0x0000020752b2c800 Exception <a 'java/lang/ClassNotFoundException'{0x000000008793c100}: sun/net/www/protocol/c/Handler> (0x000000008793c100) thrown at [t:/workspace/hotspot/src/share/vm/classfile/systemDictionary.cpp, line 218]
Event: 28.006 Thread 0x0000020752b2c800 Exception <a 'java/lang/ClassNotFoundException'{0x000000008793dec8}: sun/net/www/protocol/c/Handler> (0x000000008793dec8) thrown at [t:/workspace/hotspot/src/share/vm/classfile/systemDictionary.cpp, line 218]
Event: 28.008 Thread 0x0000020752b2c800 Exception <a 'java/lang/ClassNotFoundException'{0x000000008793fcc8}: sun/net/www/protocol/c/Handler> (0x000000008793fcc8) thrown at [t:/workspace/hotspot/src/share/vm/classfile/systemDictionary.cpp, line 218]
Event: 28.009 Thread 0x0000020752b2c800 Exception <a 'java/lang/ClassNotFoundException'{0x0000000087941b50}: sun/net/www/protocol/c/Handler> (0x0000000087941b50) thrown at [t:/workspace/hotspot/src/share/vm/classfile/systemDictionary.cpp, line 218]
Event: 28.010 Thread 0x0000020752b2c800 Exception <a 'java/lang/ClassNotFoundException'{0x0000000087943990}: sun/net/www/protocol/c/Handler> (0x0000000087943990) thrown at [t:/workspace/hotspot/src/share/vm/classfile/systemDictionary.cpp, line 218]
Event: 28.012 Thread 0x0000020752b2c800 Exception <a 'java/lang/ClassNotFoundException'{0x0000000087945818}: sun/net/www/protocol/c/Handler> (0x0000000087945818) thrown at [t:/workspace/hotspot/src/share/vm/classfile/systemDictionary.cpp, line 218]
Event: 28.013 Thread 0x0000020752b2c800 Exception <a 'java/lang/ClassNotFoundException'{0x0000000087947628}: sun/net/www/protocol/c/Handler> (0x0000000087947628) thrown at [t:/workspace/hotspot/src/share/vm/classfile/systemDictionary.cpp, line 218]

Events (10 events):
Event: 28.706 loading class org/objectweb/asm/Type
Event: 28.706 loading class org/objectweb/asm/Type done
Event: 28.714 Thread 0x0000020752b2c800 DEOPT PACKING pc=0x000002075f97c5d4 sp=0x0000003010cfcf60
Event: 28.714 Thread 0x0000020752b2c800 DEOPT UNPACKING pc=0x000002075eafdd3f sp=0x0000003010cfc458 mode 0
Event: 28.731 loading class org/eclipse/jetty/annotations/AnnotationConfiguration$2
Event: 28.731 loading class org/eclipse/jetty/annotations/AnnotationConfiguration$2 done
Event: 28.731 loading class org/eclipse/jetty/annotations/AnnotationConfiguration$2
Event: 28.731 loading class org/eclipse/jetty/annotations/AnnotationConfiguration$2 done
Event: 29.033 Thread 0x0000020752b2c800 DEOPT PACKING pc=0x000002075f08172d sp=0x0000003010cfd310
Event: 29.033 Thread 0x0000020752b2c800 DEOPT UNPACKING pc=0x000002075eafdd3f sp=0x0000003010cfc7a0 mode 0


Dynamic libraries:
0x00007ff659620000 - 0x00007ff65965e000 	C:\Program Files\Java\jdk-9.0.1\bin\java.exe
0x00007ff9a83d0000 - 0x00007ff9a85c4000 	C:\WINDOWS\SYSTEM32\ntdll.dll
0x00007ff9a6b60000 - 0x00007ff9a6c1d000 	C:\WINDOWS\System32\KERNEL32.DLL
0x00007ff9a5b20000 - 0x00007ff9a5de7000 	C:\WINDOWS\System32\KERNELBASE.dll
0x00007ff9a6fd0000 - 0x00007ff9a707a000 	C:\WINDOWS\System32\ADVAPI32.dll
0x00007ff9a6c80000 - 0x00007ff9a6d1e000 	C:\WINDOWS\System32\msvcrt.dll
0x00007ff9a6470000 - 0x00007ff9a650b000 	C:\WINDOWS\System32\sechost.dll
0x00007ff9a7a50000 - 0x00007ff9a7b73000 	C:\WINDOWS\System32\RPCRT4.dll
0x00007ff9a7080000 - 0x00007ff9a7220000 	C:\WINDOWS\System32\USER32.dll
0x00007ff9a6150000 - 0x00007ff9a6172000 	C:\WINDOWS\System32\win32u.dll
0x00007ff9a6440000 - 0x00007ff9a646a000 	C:\WINDOWS\System32\GDI32.dll
0x00007ff9a5df0000 - 0x00007ff9a5efa000 	C:\WINDOWS\System32\gdi32full.dll
0x00007ff9a60b0000 - 0x00007ff9a614d000 	C:\WINDOWS\System32\msvcp_win.dll
0x00007ff9a6180000 - 0x00007ff9a6280000 	C:\WINDOWS\System32\ucrtbase.dll
0x00007ff996be0000 - 0x00007ff996e7a000 	C:\WINDOWS\WinSxS\amd64_microsoft.windows.common-controls_6595b64144ccf1df_6.0.19041.1_none_b555e41d4684ddec\COMCTL32.dll
0x00007ff99c060000 - 0x00007ff99c06a000 	C:\WINDOWS\SYSTEM32\VERSION.dll
0x00007ff9a6510000 - 0x00007ff9a6540000 	C:\WINDOWS\System32\IMM32.DLL
0x00007ff970620000 - 0x00007ff97070f000 	C:\Program Files\Java\jdk-9.0.1\bin\msvcr120.dll
0x00007ff971e50000 - 0x00007ff971ef6000 	C:\Program Files\Java\jdk-9.0.1\bin\msvcp120.dll
0x00000000706f0000 - 0x0000000071114000 	C:\Program Files\Java\jdk-9.0.1\bin\server\jvm.dll
0x00007ff9a6680000 - 0x00007ff9a6688000 	C:\WINDOWS\System32\PSAPI.DLL
0x00007ff99a6f0000 - 0x00007ff99a717000 	C:\WINDOWS\SYSTEM32\WINMM.dll
0x00007ff98df50000 - 0x00007ff98df59000 	C:\WINDOWS\SYSTEM32\WSOCK32.dll
0x00007ff9a6840000 - 0x00007ff9a68ab000 	C:\WINDOWS\System32\WS2_32.dll
0x00007ff992280000 - 0x00007ff99228f000 	C:\Program Files\Java\jdk-9.0.1\bin\verify.dll
0x00007ff9752f0000 - 0x00007ff975317000 	C:\Program Files\Java\jdk-9.0.1\bin\java.dll
0x00007ff976540000 - 0x00007ff976556000 	C:\Program Files\Java\jdk-9.0.1\bin\zip.dll
0x00007ff992090000 - 0x00007ff99209a000 	C:\Program Files\Java\jdk-9.0.1\bin\jimage.dll
0x00007ff9a7c50000 - 0x00007ff9a8385000 	C:\WINDOWS\System32\SHELL32.dll
0x00007ff9a3c70000 - 0x00007ff9a43ff000 	C:\WINDOWS\SYSTEM32\windows.storage.dll
0x00007ff9a76f0000 - 0x00007ff9a7a43000 	C:\WINDOWS\System32\combase.dll
0x00007ff9a54d0000 - 0x00007ff9a54fb000 	C:\WINDOWS\SYSTEM32\Wldp.dll
0x00007ff9a7ba0000 - 0x00007ff9a7c4e000 	C:\WINDOWS\System32\SHCORE.dll
0x00007ff9a6f70000 - 0x00007ff9a6fc5000 	C:\WINDOWS\System32\shlwapi.dll
0x00007ff9a5a60000 - 0x00007ff9a5a7f000 	C:\WINDOWS\SYSTEM32\profapi.dll
0x00007ff976450000 - 0x00007ff97646a000 	C:\Program Files\Java\jdk-9.0.1\bin\net.dll
0x00007ff99f0c0000 - 0x00007ff99f1c0000 	C:\WINDOWS\SYSTEM32\WINHTTP.dll
0x00007ff9a52c0000 - 0x00007ff9a532a000 	C:\WINDOWS\system32\mswsock.dll
0x00007ff9750e0000 - 0x00007ff9750f1000 	C:\Program Files\Java\jdk-9.0.1\bin\nio.dll
0x00007ff98e0d0000 - 0x00007ff98e0da000 	C:\Program Files\apache-maven-3.6.3\lib\jansi-native\windows64\jansi.dll

VM Arguments:
jvm_args: -Dclassworlds.conf=C:\Program Files\apache-maven-3.6.3\bin\..\bin\m2.conf -Dmaven.home=C:\Program Files\apache-maven-3.6.3\bin\.. -Dlibrary.jansi.path=C:\Program Files\apache-maven-3.6.3\bin\..\lib\jansi-native -Dmaven.multiModuleProjectDirectory=C:\Users\DELL\Downloads\SEPT_A1\develop branch (unit test crud complete)\SEPT 
java_command: org.codehaus.plexus.classworlds.launcher.Launcher jetty:run
java_class_path (initial): C:\Program Files\apache-maven-3.6.3\bin\..\boot\plexus-classworlds-2.6.0.jar
Launcher Type: SUN_STANDARD

Logging:
Log output configuration:
#0: stdout all=warning uptime,level,tags
#1: stderr all=off uptime,level,tags

Environment Variables:
JAVA_HOME=C:\Program Files\Java\jdk-9.0.1
PATH=C:\Program Files\apache-maven-3.6.3\bin;C:\Program Files\Docker\Docker\Resources\bin;C:\ProgramData\Oracle\Java\javapath;C:\Windows\system32;C:\Windows;C:\Windows\System32\Wbem;C:\Windows\System32\WindowsPowerShell\v1.0\;C:\Program Files (x86)\NVIDIA Corporation\PhysX\Common;C:\WINDOWS\system32;C:\WINDOWS;C:\WINDOWS\System32\Wbem;C:\WINDOWS\System32\WindowsPowerShell\v1.0\;C:\WINDOWS\System32\OpenSSH\;C:\Program Files\Git\cmd;C:\Program Files\Common Files\Autodesk Shared\;C:\Program Files (x86)\Autodesk\Backburner\;C:\Program Files\PuTTY\;C:\Program Files\nodejs\;C:\ProgramData\chocolatey\bin;C:\Program Files\Amazon\AWSCLI\bin\;C:\Program Files\dotnet\;C:\Program Files\Microsoft SQL Server\130\Tools\Binn\;C:\Program Files\Microsoft SQL Server\Client SDK\ODBC\170\Tools\Binn\;C:\Gradle\gradle-6.5.1\bin;C:\Gradle\gradle-6.5.1\bin;C:\Users\DELL\AppData\Local\Programs\Python\Python38\;C:\Program Files\MySQL\MySQL Shell 8.0\bin\;D:\apache-maven-3.6.3\bin;C:\Users\DELL\AppData\Local\Programs\Microsoft VS Code\bin;C:\Users\DELL\AppData\Local\Microsoft\WindowsApps;
USERNAME=DELL
OS=Windows_NT
PROCESSOR_IDENTIFIER=Intel64 Family 6 Model 60 Stepping 3, GenuineIntel



---------------  S Y S T E M  ---------------

OS: Windows 10 , 64 bit Build 19041 (10.0.19041.292)

CPU:total 4 (initial active 4) (2 cores per cpu, 2 threads per core) family 6 model 60 stepping 3, cmov, cx8, fxsr, mmx, sse, sse2, sse3, ssse3, sse4.1, sse4.2, popcnt, avx, avx2, aes, clmul, erms, lzcnt, ht, tsc, tscinvbit, bmi1, bmi2, fma

Memory: 4k page, physical 8293708k(395476k free), swap 16702128k(916k free)

vm_info: Java HotSpot(TM) 64-Bit Server VM (9.0.1+11) for windows-amd64 JRE (9.0.1+11), built on Sep 28 2017 04:54:03 by "mach5one" with MS VC++ 12.0 (VS2013)

END.
